TN:
SF:src\db\migrations\001_initial.js
FN:3,up
FNF:1
FNH:1
FNDA:2,up
DA:1,2
DA:2,2
DA:3,2
DA:4,2
DA:5,2
DA:6,2
DA:7,2
DA:8,2
DA:9,2
DA:10,2
DA:11,2
DA:12,2
DA:13,2
DA:14,2
DA:15,2
DA:16,2
DA:17,2
DA:18,2
DA:19,2
DA:20,2
DA:21,2
DA:22,2
DA:23,2
DA:24,2
DA:25,2
DA:26,2
DA:27,2
DA:28,2
DA:29,2
DA:30,2
DA:31,2
DA:32,2
DA:33,2
DA:34,2
DA:35,2
DA:36,2
DA:37,2
DA:38,2
DA:39,2
DA:40,2
DA:41,2
DA:42,2
DA:43,2
DA:44,2
DA:45,2
DA:46,2
DA:47,2
DA:48,2
DA:49,2
DA:50,2
DA:51,2
DA:52,2
DA:53,2
DA:54,2
DA:55,2
DA:56,2
DA:57,2
DA:58,2
DA:59,2
DA:60,2
DA:61,2
DA:62,2
DA:63,2
DA:64,2
DA:65,2
DA:66,2
DA:67,2
DA:68,2
DA:69,2
DA:70,2
DA:71,2
DA:72,2
DA:73,2
DA:74,2
DA:75,2
DA:76,2
DA:77,2
DA:78,2
DA:79,2
DA:80,2
DA:81,2
DA:82,2
DA:83,2
DA:84,2
DA:85,2
DA:86,2
LF:86
LH:86
BRDA:1,0,0,2
BRDA:3,1,0,2
BRF:2
BRH:2
end_of_record
TN:
SF:src\db\migrations\002_phase2_columns.js
FN:1,hasColumn
FN:8,up
FNF:2
FNH:2
FNDA:6,hasColumn
FNDA:2,up
DA:1,6
DA:2,6
DA:3,6
DA:4,6
DA:5,2
DA:6,2
DA:7,2
DA:8,2
DA:9,2
DA:10,0
DA:11,0
DA:12,2
DA:13,2
DA:14,0
DA:15,0
DA:16,0
DA:17,0
DA:18,2
DA:19,2
DA:20,0
DA:21,0
DA:22,2
DA:23,2
DA:24,2
DA:25,2
DA:26,2
DA:27,2
DA:28,2
DA:29,2
DA:30,2
DA:31,2
DA:32,2
DA:33,2
DA:34,2
LF:34
LH:26
BRDA:1,0,0,2
BRDA:1,1,0,6
BRDA:3,2,0,40
BRDA:8,3,0,2
BRDA:9,4,0,0
BRDA:13,5,0,0
BRDA:19,6,0,0
BRF:7
BRH:4
end_of_record
TN:
SF:src\db\migrations\003_is_blocked.js
FN:1,hasColumn
FN:8,up
FNF:2
FNH:2
FNDA:2,hasColumn
FNDA:2,up
DA:1,2
DA:2,2
DA:3,2
DA:4,2
DA:5,2
DA:6,2
DA:7,2
DA:8,2
DA:9,2
DA:10,2
DA:11,2
DA:12,2
DA:13,2
DA:14,2
DA:15,2
LF:15
LH:15
BRDA:1,0,0,2
BRDA:1,1,0,2
BRDA:3,2,0,14
BRDA:8,3,0,2
BRF:4
BRH:4
end_of_record
TN:
SF:src\db\migrations\004_normalize_lead_status_new.js
FN:1,hasTable
FN:11,up
FNF:2
FNH:2
FNDA:2,hasTable
FNDA:2,up
DA:1,2
DA:2,2
DA:3,2
DA:4,2
DA:5,2
DA:6,2
DA:7,2
DA:8,2
DA:9,2
DA:10,2
DA:11,2
DA:12,2
DA:13,0
DA:14,0
DA:15,2
DA:16,2
DA:17,2
DA:18,2
DA:19,2
DA:20,2
DA:21,2
DA:22,2
LF:22
LH:20
BRDA:1,0,0,2
BRDA:1,1,0,2
BRDA:11,2,0,2
BRDA:12,3,0,0
BRF:4
BRH:3
end_of_record
TN:
SF:src\db\migrations\005_add_indexes.js
FN:3,up
FNF:1
FNH:1
FNDA:2,up
DA:1,2
DA:2,2
DA:3,2
DA:4,2
DA:5,2
DA:6,2
DA:7,2
DA:8,2
DA:9,2
DA:10,2
DA:11,2
DA:12,2
DA:13,2
DA:14,2
DA:15,2
DA:16,2
DA:17,2
DA:18,2
DA:19,2
DA:20,2
DA:21,2
DA:22,2
LF:22
LH:22
BRDA:1,0,0,2
BRDA:3,1,0,2
BRF:2
BRH:2
end_of_record
TN:
SF:src\db\migrations\index.js
FN:15,ensureMigrationTable
FN:24,runMigrations
FNF:2
FNH:2
FNDA:2,ensureMigrationTable
FNDA:2,runMigrations
DA:1,2
DA:2,2
DA:3,2
DA:4,2
DA:5,2
DA:6,2
DA:7,2
DA:8,2
DA:9,2
DA:10,2
DA:11,2
DA:12,2
DA:13,2
DA:14,2
DA:15,2
DA:16,2
DA:17,2
DA:18,2
DA:19,2
DA:20,2
DA:21,2
DA:22,2
DA:23,2
DA:24,2
DA:25,2
DA:26,2
DA:27,2
DA:28,2
DA:29,2
DA:30,2
DA:31,2
DA:32,2
DA:33,2
DA:34,2
DA:35,10
DA:36,3
DA:37,3
DA:38,7
DA:39,7
DA:40,7
DA:41,7
DA:42,7
DA:43,7
DA:44,7
DA:45,7
DA:46,7
DA:47,7
DA:48,2
DA:49,2
DA:50,2
DA:51,2
DA:52,2
LF:52
LH:52
BRDA:1,0,0,2
BRDA:15,1,0,2
BRDA:24,2,0,2
BRDA:34,3,0,10
BRDA:35,4,0,3
BRDA:38,5,0,7
BRDA:31,6,0,3
BRDA:39,7,0,7
BRF:8
BRH:8
end_of_record
TN:
SF:src\domain\lead-status.js
FN:8,normalizeLeadStatus
FN:22,isCanonicalLeadStatus
FN:26,normalizeLeadRecord
FN:42,normalizeLeadRecords
FN:46,getLeadStatusLabel
FNF:5
FNH:4
FNDA:13,normalizeLeadStatus
FNDA:2,isCanonicalLeadStatus
FNDA:3,normalizeLeadRecord
FNDA:2,normalizeLeadRecords
FNDA:0,getLeadStatusLabel
DA:1,2
DA:2,2
DA:3,2
DA:4,2
DA:5,2
DA:6,2
DA:7,2
DA:8,13
DA:9,13
DA:10,1
DA:11,1
DA:12,12
DA:13,12
DA:14,13
DA:15,1
DA:16,1
DA:17,11
DA:18,13
DA:19,13
DA:20,13
DA:21,2
DA:22,2
DA:23,2
DA:24,2
DA:25,2
DA:26,3
DA:27,3
DA:28,0
DA:29,0
DA:30,3
DA:31,3
DA:32,3
DA:33,3
DA:34,3
DA:35,0
DA:36,0
DA:37,0
DA:38,0
DA:39,0
DA:40,3
DA:41,2
DA:42,2
DA:43,2
DA:44,2
DA:45,2
DA:46,0
DA:47,0
DA:48,0
DA:49,0
DA:50,0
DA:51,0
DA:52,0
DA:53,0
DA:54,2
DA:55,2
DA:56,2
DA:57,2
DA:58,2
DA:59,2
DA:60,2
DA:61,2
DA:62,2
DA:63,2
DA:64,2
DA:65,2
LF:65
LH:50
BRDA:1,0,0,2
BRDA:5,1,0,0
BRDA:6,2,0,0
BRDA:8,3,0,13
BRDA:9,4,0,1
BRDA:12,5,0,12
BRDA:14,6,0,1
BRDA:17,7,0,11
BRDA:18,8,0,8
BRDA:19,9,0,9
BRDA:19,10,0,2
BRDA:22,11,0,2
BRDA:26,12,0,3
BRDA:27,13,0,0
BRDA:35,14,0,0
BRDA:42,15,0,2
BRDA:43,16,0,2
BRF:17
BRH:13
end_of_record
TN:
SF:src\repositories\index.js
FN:1,createRepositories
FN:186,upsert
FN:189,getById
FN:192,list
FN:195,count
FN:198,block
FN:201,unblock
FN:206,ensure
FN:214,getByClientId
FN:217,listRecent
FN:222,create
FN:230,listByConversation
FN:235,create
FN:239,list
FN:242,listAll
FN:245,getById
FN:248,getLatestByClient
FN:251,getOpenByClientAndProduct
FN:257,updateStatus
FN:263,list
FN:266,listAll
FN:269,getById
FN:272,getByCode
FN:275,create
FN:279,update
FN:283,setActive
FN:289,setActiveClient
FN:292,get
FN:295,clear
FN:300,leadCountsByStatus
FN:303,topProductsByLeads
FN:306,totalLeads
FN:311,set
FN:319,get
FN:339,clear
FN:342,clearExpired
FNF:36
FNH:7
FNDA:1,createRepositories
FNDA:2,upsert
FNDA:1,getById
FNDA:0,list
FNDA:0,count
FNDA:0,block
FNDA:0,unblock
FNDA:0,ensure
FNDA:0,getByClientId
FNDA:0,listRecent
FNDA:0,create
FNDA:0,listByConversation
FNDA:1,create
FNDA:0,list
FNDA:2,listAll
FNDA:1,getById
FNDA:0,getLatestByClient
FNDA:0,getOpenByClientAndProduct
FNDA:1,updateStatus
FNDA:0,list
FNDA:0,listAll
FNDA:0,getById
FNDA:0,getByCode
FNDA:0,create
FNDA:0,update
FNDA:0,setActive
FNDA:0,setActiveClient
FNDA:0,get
FNDA:0,clear
FNDA:0,leadCountsByStatus
FNDA:0,topProductsByLeads
FNDA:0,totalLeads
FNDA:0,set
FNDA:0,get
FNDA:0,clear
FNDA:0,clearExpired
DA:1,1
DA:2,1
DA:3,1
DA:4,1
DA:5,1
DA:6,1
DA:7,1
DA:8,1
DA:9,1
DA:10,1
DA:11,1
DA:12,1
DA:13,1
DA:14,1
DA:15,1
DA:16,1
DA:17,1
DA:18,1
DA:19,1
DA:20,1
DA:21,1
DA:22,1
DA:23,1
DA:24,1
DA:25,1
DA:26,1
DA:27,1
DA:28,1
DA:29,1
DA:30,1
DA:31,1
DA:32,1
DA:33,1
DA:34,1
DA:35,1
DA:36,1
DA:37,1
DA:38,1
DA:39,1
DA:40,1
DA:41,1
DA:42,1
DA:43,1
DA:44,1
DA:45,1
DA:46,1
DA:47,1
DA:48,1
DA:49,1
DA:50,1
DA:51,1
DA:52,1
DA:53,1
DA:54,1
DA:55,1
DA:56,1
DA:57,1
DA:58,1
DA:59,1
DA:60,1
DA:61,1
DA:62,1
DA:63,1
DA:64,1
DA:65,1
DA:66,1
DA:67,1
DA:68,1
DA:69,1
DA:70,1
DA:71,1
DA:72,1
DA:73,1
DA:74,1
DA:75,1
DA:76,1
DA:77,1
DA:78,1
DA:79,1
DA:80,1
DA:81,1
DA:82,1
DA:83,1
DA:84,1
DA:85,1
DA:86,1
DA:87,1
DA:88,1
DA:89,1
DA:90,1
DA:91,1
DA:92,1
DA:93,1
DA:94,1
DA:95,1
DA:96,1
DA:97,1
DA:98,1
DA:99,1
DA:100,1
DA:101,1
DA:102,1
DA:103,1
DA:104,1
DA:105,1
DA:106,1
DA:107,1
DA:108,1
DA:109,1
DA:110,1
DA:111,1
DA:112,1
DA:113,1
DA:114,1
DA:115,1
DA:116,1
DA:117,1
DA:118,1
DA:119,1
DA:120,1
DA:121,1
DA:122,1
DA:123,1
DA:124,1
DA:125,1
DA:126,1
DA:127,1
DA:128,1
DA:129,1
DA:130,1
DA:131,1
DA:132,1
DA:133,1
DA:134,1
DA:135,1
DA:136,1
DA:137,1
DA:138,1
DA:139,1
DA:140,1
DA:141,1
DA:142,1
DA:143,1
DA:144,1
DA:145,1
DA:146,1
DA:147,1
DA:148,1
DA:149,1
DA:150,1
DA:151,1
DA:152,1
DA:153,1
DA:154,1
DA:155,1
DA:156,1
DA:157,1
DA:158,1
DA:159,1
DA:160,1
DA:161,1
DA:162,1
DA:163,1
DA:164,1
DA:165,1
DA:166,1
DA:167,1
DA:168,1
DA:169,1
DA:170,1
DA:171,1
DA:172,1
DA:173,1
DA:174,1
DA:175,1
DA:176,1
DA:177,1
DA:178,1
DA:179,1
DA:180,1
DA:181,1
DA:182,1
DA:183,1
DA:184,1
DA:185,1
DA:186,1
DA:187,2
DA:188,1
DA:189,1
DA:190,1
DA:191,1
DA:192,1
DA:193,0
DA:194,1
DA:195,1
DA:196,0
DA:197,1
DA:198,1
DA:199,0
DA:200,1
DA:201,1
DA:202,0
DA:203,1
DA:204,1
DA:205,1
DA:206,1
DA:207,0
DA:208,0
DA:209,0
DA:210,0
DA:211,0
DA:212,0
DA:213,1
DA:214,1
DA:215,0
DA:216,1
DA:217,1
DA:218,0
DA:219,1
DA:220,1
DA:221,1
DA:222,1
DA:223,0
DA:224,0
DA:225,0
DA:226,0
DA:227,0
DA:228,0
DA:229,1
DA:230,1
DA:231,0
DA:232,1
DA:233,1
DA:234,1
DA:235,1
DA:236,1
DA:237,1
DA:238,1
DA:239,1
DA:240,0
DA:241,1
DA:242,1
DA:243,2
DA:244,1
DA:245,1
DA:246,1
DA:247,1
DA:248,1
DA:249,0
DA:250,1
DA:251,1
DA:252,0
DA:253,0
DA:254,0
DA:255,0
DA:256,1
DA:257,1
DA:258,1
DA:259,1
DA:260,1
DA:261,1
DA:262,1
DA:263,1
DA:264,0
DA:265,1
DA:266,1
DA:267,0
DA:268,1
DA:269,1
DA:270,0
DA:271,1
DA:272,1
DA:273,0
DA:274,1
DA:275,1
DA:276,0
DA:277,0
DA:278,1
DA:279,1
DA:280,0
DA:281,0
DA:282,1
DA:283,1
DA:284,0
DA:285,0
DA:286,1
DA:287,1
DA:288,1
DA:289,1
DA:290,0
DA:291,1
DA:292,1
DA:293,0
DA:294,1
DA:295,1
DA:296,0
DA:297,1
DA:298,1
DA:299,1
DA:300,1
DA:301,0
DA:302,1
DA:303,1
DA:304,0
DA:305,1
DA:306,1
DA:307,0
DA:308,1
DA:309,1
DA:310,1
DA:311,1
DA:312,0
DA:313,0
DA:314,0
DA:315,0
DA:316,0
DA:317,0
DA:318,1
DA:319,1
DA:320,0
DA:321,0
DA:322,0
DA:323,0
DA:324,0
DA:325,0
DA:326,0
DA:327,0
DA:328,0
DA:329,0
DA:330,0
DA:331,0
DA:332,0
DA:333,0
DA:334,0
DA:335,0
DA:336,0
DA:337,0
DA:338,1
DA:339,1
DA:340,0
DA:341,1
DA:342,1
DA:343,0
DA:344,1
DA:345,1
DA:346,1
DA:347,1
DA:348,1
DA:349,1
DA:350,1
DA:351,1
LF:351
LH:284
BRDA:1,0,0,1
BRDA:1,1,0,1
BRDA:186,2,0,2
BRDA:189,3,0,1
BRDA:235,4,0,1
BRDA:242,5,0,2
BRDA:245,6,0,1
BRDA:257,7,0,1
BRF:8
BRH:8
end_of_record
TN:
SF:src\services\admin-service.js
FN:12,createAdminService
FN:13,upsertAdmin
FN:25,getActiveClientId
FN:30,selectClient
FN:35,clearSelectedClient
FN:39,listRecentDialogs
FN:43,listRecentLeads
FN:47,takeLead
FN:51,closeLead
FN:55,markLeadCalledBack
FN:59,markLeadAwaitingPayment
FN:63,markLeadFulfilled
FN:67,getTemplate
FN:71,listAllProducts
FN:75,addProduct
FN:90,editProduct
FN:106,toggleProduct
FN:115,getStats
FN:122,getClientHistory
FN:131,exportLeadsCsv
FN:168,blockUser
FN:176,unblockUser
FNF:22
FNH:1
FNDA:1,createAdminService
FNDA:0,upsertAdmin
FNDA:0,getActiveClientId
FNDA:0,selectClient
FNDA:0,clearSelectedClient
FNDA:0,listRecentDialogs
FNDA:0,listRecentLeads
FNDA:0,takeLead
FNDA:0,closeLead
FNDA:0,markLeadCalledBack
FNDA:0,markLeadAwaitingPayment
FNDA:0,markLeadFulfilled
FNDA:0,getTemplate
FNDA:0,listAllProducts
FNDA:0,addProduct
FNDA:0,editProduct
FNDA:0,toggleProduct
FNDA:0,getStats
FNDA:0,getClientHistory
FNDA:0,exportLeadsCsv
FNDA:0,blockUser
FNDA:0,unblockUser
DA:1,1
DA:2,1
DA:3,1
DA:4,1
DA:5,1
DA:6,1
DA:7,1
DA:8,1
DA:9,1
DA:10,1
DA:11,1
DA:12,1
DA:13,1
DA:14,0
DA:15,0
DA:16,0
DA:17,0
DA:18,0
DA:19,0
DA:20,0
DA:21,0
DA:22,0
DA:23,0
DA:24,1
DA:25,1
DA:26,0
DA:27,0
DA:28,0
DA:29,1
DA:30,1
DA:31,0
DA:32,0
DA:33,0
DA:34,1
DA:35,1
DA:36,0
DA:37,0
DA:38,1
DA:39,1
DA:40,0
DA:41,0
DA:42,1
DA:43,1
DA:44,0
DA:45,0
DA:46,1
DA:47,1
DA:48,0
DA:49,0
DA:50,1
DA:51,1
DA:52,0
DA:53,0
DA:54,1
DA:55,1
DA:56,0
DA:57,0
DA:58,1
DA:59,1
DA:60,0
DA:61,0
DA:62,1
DA:63,1
DA:64,0
DA:65,0
DA:66,1
DA:67,1
DA:68,0
DA:69,0
DA:70,1
DA:71,1
DA:72,0
DA:73,0
DA:74,1
DA:75,1
DA:76,0
DA:77,0
DA:78,0
DA:79,0
DA:80,0
DA:81,0
DA:82,0
DA:83,0
DA:84,0
DA:85,0
DA:86,0
DA:87,0
DA:88,0
DA:89,1
DA:90,1
DA:91,0
DA:92,0
DA:93,0
DA:94,0
DA:95,0
DA:96,0
DA:97,0
DA:98,0
DA:99,0
DA:100,0
DA:101,0
DA:102,0
DA:103,0
DA:104,0
DA:105,1
DA:106,1
DA:107,0
DA:108,0
DA:109,0
DA:110,0
DA:111,0
DA:112,0
DA:113,0
DA:114,1
DA:115,1
DA:116,0
DA:117,0
DA:118,0
DA:119,0
DA:120,0
DA:121,1
DA:122,1
DA:123,0
DA:124,0
DA:125,0
DA:126,0
DA:127,0
DA:128,0
DA:129,0
DA:130,1
DA:131,1
DA:132,0
DA:133,0
DA:134,0
DA:135,0
DA:136,0
DA:137,0
DA:138,0
DA:139,0
DA:140,0
DA:141,0
DA:142,0
DA:143,0
DA:144,0
DA:145,0
DA:146,0
DA:147,0
DA:148,0
DA:149,0
DA:150,0
DA:151,0
DA:152,0
DA:153,0
DA:154,0
DA:155,0
DA:156,0
DA:157,0
DA:158,0
DA:159,0
DA:160,0
DA:161,0
DA:162,0
DA:163,0
DA:164,0
DA:165,0
DA:166,0
DA:167,1
DA:168,1
DA:169,0
DA:170,0
DA:171,0
DA:172,0
DA:173,0
DA:174,0
DA:175,1
DA:176,1
DA:177,0
DA:178,0
DA:179,0
DA:180,0
DA:181,0
DA:182,0
DA:183,1
DA:184,1
DA:185,1
DA:186,1
DA:187,1
DA:188,1
DA:189,1
DA:190,1
DA:191,1
DA:192,1
DA:193,1
DA:194,1
DA:195,1
DA:196,1
DA:197,1
DA:198,1
DA:199,1
DA:200,1
DA:201,1
DA:202,1
DA:203,1
DA:204,1
DA:205,1
DA:206,1
DA:207,1
DA:208,1
DA:209,1
DA:210,1
DA:211,1
DA:212,1
DA:213,1
LF:213
LH:84
BRDA:1,0,0,1
BRDA:12,1,0,1
BRF:2
BRH:2
end_of_record
TN:
SF:src\utils\debug-ingest.js
FN:1,createDebugIngest
FN:3,noopDebugIngest
FN:6,ingestDebugEvent
FNF:3
FNH:3
FNDA:3,createDebugIngest
FNDA:1,noopDebugIngest
FNDA:2,ingestDebugEvent
DA:1,3
DA:2,3
DA:3,1
DA:4,1
DA:5,2
DA:6,2
DA:7,2
DA:8,2
DA:9,2
DA:10,2
DA:11,2
DA:12,2
DA:13,2
DA:14,2
DA:15,2
DA:16,2
DA:17,2
DA:18,2
DA:19,2
DA:20,2
DA:21,1
DA:22,1
DA:23,1
DA:24,2
DA:25,3
DA:26,1
DA:27,1
DA:28,1
DA:29,1
LF:29
LH:29
BRDA:1,0,0,1
BRDA:1,1,0,3
BRDA:2,2,0,2
BRDA:2,3,0,1
BRDA:5,4,0,2
BRDA:3,5,0,1
BRDA:6,6,0,2
BRDA:21,7,0,1
BRF:8
BRH:8
end_of_record
TN:
SF:src\web\server.js
FN:11,createWebServer
FNF:1
FNH:1
FNDA:1,createWebServer
DA:1,1
DA:2,1
DA:3,1
DA:4,1
DA:5,1
DA:6,1
DA:7,1
DA:8,1
DA:9,1
DA:10,1
DA:11,1
DA:12,1
DA:13,1
DA:14,1
DA:15,1
DA:16,1
DA:17,1
DA:18,1
DA:19,1
DA:20,1
DA:21,1
DA:22,1
DA:23,1
DA:24,1
DA:25,1
DA:26,1
DA:27,1
DA:28,0
DA:29,0
DA:30,0
DA:31,1
DA:32,1
DA:33,1
DA:34,1
DA:35,1
DA:36,1
DA:37,5
DA:38,5
DA:39,5
DA:40,5
DA:41,5
DA:42,5
DA:43,5
DA:44,5
DA:45,5
DA:46,5
DA:47,5
DA:48,5
DA:49,5
DA:50,5
DA:51,5
DA:52,1
DA:53,1
DA:54,1
DA:55,1
DA:56,5
DA:57,5
DA:58,5
DA:59,5
DA:60,5
DA:61,5
DA:62,5
DA:63,5
DA:64,1
DA:65,1
DA:66,1
DA:67,1
DA:68,0
DA:69,1
DA:70,1
DA:71,1
DA:72,1
DA:73,1
DA:74,1
DA:75,1
DA:76,1
DA:77,1
DA:78,1
DA:79,1
DA:80,1
DA:81,1
DA:82,1
DA:83,1
DA:84,1
DA:85,1
DA:86,1
DA:87,1
DA:88,1
DA:89,1
DA:90,1
DA:91,0
DA:92,0
DA:93,0
DA:94,0
DA:95,0
DA:96,1
DA:97,1
DA:98,0
DA:99,0
DA:100,0
DA:101,0
DA:102,0
DA:103,0
DA:104,1
DA:105,1
DA:106,0
DA:107,0
DA:108,0
DA:109,0
DA:110,0
DA:111,1
DA:112,1
DA:113,1
DA:114,1
DA:115,1
DA:116,1
DA:117,1
DA:118,1
LF:118
LH:98
BRDA:1,0,0,1
BRDA:11,1,0,1
BRDA:27,2,0,0
BRDA:97,3,0,0
BRDA:36,4,0,5
BRDA:55,5,0,5
BRDA:57,6,0,5
BRF:7
BRH:5
end_of_record
TN:
SF:src\web\middleware\rate-limit.js
FN:7,createRateLimiter
FN:26,rateLimitMiddleware
FNF:2
FNH:2
FNDA:1,createRateLimiter
FNDA:5,rateLimitMiddleware
DA:1,1
DA:2,1
DA:3,1
DA:4,1
DA:5,1
DA:6,1
DA:7,1
DA:8,1
DA:9,1
DA:10,1
DA:11,1
DA:12,1
DA:13,1
DA:14,1
DA:15,1
DA:16,1
DA:17,0
DA:18,0
DA:19,0
DA:20,0
DA:21,0
DA:22,0
DA:23,1
DA:24,1
DA:25,1
DA:26,1
DA:27,5
DA:28,5
DA:29,5
DA:30,5
DA:31,5
DA:32,5
DA:33,5
DA:34,5
DA:35,5
DA:36,1
DA:37,1
DA:38,5
DA:39,4
DA:40,4
DA:41,5
DA:42,5
DA:43,5
DA:44,5
DA:45,5
DA:46,5
DA:47,5
DA:48,5
DA:49,5
DA:50,0
DA:51,0
DA:52,5
DA:53,5
DA:54,1
DA:55,1
DA:56,1
DA:57,1
LF:57
LH:49
BRDA:1,0,0,1
BRDA:7,1,0,1
BRDA:26,2,0,5
BRDA:28,3,0,0
BRDA:29,4,0,0
BRDA:35,5,0,4
BRDA:35,6,0,1
BRDA:38,7,0,4
BRDA:49,8,0,0
BRF:9
BRH:6
end_of_record
TN:
SF:src\web\middleware\verify-telegram-init-data.js
FN:3,isValidTelegramInitData
FN:57,createVerifyTelegramInitData
FN:58,verifyTelegramInitData
FNF:3
FNH:3
FNDA:8,isValidTelegramInitData
FNDA:1,createVerifyTelegramInitData
FNDA:5,verifyTelegramInitData
DA:1,2
DA:2,2
DA:3,8
DA:4,8
DA:5,8
DA:6,8
DA:7,8
DA:8,8
DA:9,8
DA:10,8
DA:11,8
DA:12,8
DA:13,0
DA:14,0
DA:15,8
DA:16,8
DA:17,8
DA:18,1
DA:19,1
DA:20,7
DA:21,7
DA:22,7
DA:23,7
DA:24,7
DA:25,7
DA:26,7
DA:27,7
DA:28,7
DA:29,7
DA:30,7
DA:31,7
DA:32,7
DA:33,7
DA:34,7
DA:35,7
DA:36,7
DA:37,8
DA:38,8
DA:39,8
DA:40,8
DA:41,1
DA:42,1
DA:43,6
DA:44,6
DA:45,6
DA:46,6
DA:47,6
DA:48,6
DA:49,6
DA:50,0
DA:51,0
DA:52,6
DA:53,6
DA:54,6
DA:55,8
DA:56,2
DA:57,1
DA:58,1
DA:59,5
DA:60,5
DA:61,5
DA:62,5
DA:63,5
DA:64,5
DA:65,5
DA:66,0
DA:67,0
DA:68,0
DA:69,0
DA:70,5
DA:71,5
DA:72,5
DA:73,5
DA:74,5
DA:75,5
DA:76,5
DA:77,0
DA:78,0
DA:79,0
DA:80,0
DA:81,5
DA:82,5
DA:83,5
DA:84,5
DA:85,5
DA:86,5
DA:87,5
DA:88,5
DA:89,5
DA:90,5
DA:91,5
DA:92,1
DA:93,1
DA:94,2
DA:95,2
DA:96,2
DA:97,2
DA:98,2
LF:98
LH:86
BRDA:1,0,0,2
BRDA:3,1,0,8
BRDA:12,2,0,0
BRDA:17,3,0,1
BRDA:20,4,0,7
BRDA:37,5,0,6
BRDA:40,6,0,6
BRDA:40,7,0,1
BRDA:49,8,0,0
BRDA:22,9,0,21
BRDA:23,10,0,7
BRDA:24,11,0,14
BRDA:57,12,0,1
BRDA:58,13,0,5
BRDA:59,14,0,0
BRDA:62,15,0,0
BRDA:63,16,0,0
BRDA:65,17,0,0
BRDA:76,18,0,0
BRDA:82,19,0,0
BRDA:85,20,0,0
BRDA:86,21,0,0
BRF:22
BRH:12
end_of_record
TN:
SF:src\web\routes\api.js
FN:10,createApiRouter
FN:14,requireAdmin
FNF:2
FNH:2
FNDA:1,createApiRouter
FNDA:5,requireAdmin
DA:1,1
DA:2,1
DA:3,1
DA:4,1
DA:5,1
DA:6,1
DA:7,1
DA:8,1
DA:9,1
DA:10,1
DA:11,1
DA:12,1
DA:13,1
DA:14,1
DA:15,5
DA:16,0
DA:17,0
DA:18,5
DA:19,5
DA:20,5
DA:21,1
DA:22,1
DA:23,1
DA:24,1
DA:25,1
DA:26,1
DA:27,0
DA:28,0
DA:29,0
DA:30,1
DA:31,1
DA:32,1
DA:33,1
DA:34,1
DA:35,2
DA:36,2
DA:37,2
DA:38,2
DA:39,2
DA:40,2
DA:41,2
DA:42,2
DA:43,1
DA:44,1
DA:45,1
DA:46,2
DA:47,2
DA:48,2
DA:49,2
DA:50,1
DA:51,1
DA:52,1
DA:53,1
DA:54,1
DA:55,1
DA:56,1
DA:57,1
DA:58,1
DA:59,1
DA:60,1
DA:61,1
DA:62,2
DA:63,0
DA:64,0
DA:65,1
DA:66,1
DA:67,1
DA:68,1
DA:69,1
DA:70,1
DA:71,0
DA:72,1
DA:73,1
DA:74,1
DA:75,0
DA:76,0
DA:77,0
DA:78,0
DA:79,0
DA:80,0
DA:81,0
DA:82,0
DA:83,0
DA:84,0
DA:85,0
DA:86,0
DA:87,0
DA:88,0
DA:89,0
DA:90,0
DA:91,0
DA:92,0
DA:93,0
DA:94,0
DA:95,0
DA:96,1
DA:97,1
DA:98,1
DA:99,0
DA:100,0
DA:101,0
DA:102,0
DA:103,0
DA:104,0
DA:105,0
DA:106,0
DA:107,0
DA:108,0
DA:109,0
DA:110,0
DA:111,0
DA:112,0
DA:113,0
DA:114,0
DA:115,0
DA:116,0
DA:117,0
DA:118,0
DA:119,0
DA:120,0
DA:121,1
DA:122,1
DA:123,1
DA:124,0
DA:125,0
DA:126,0
DA:127,0
DA:128,0
DA:129,0
DA:130,0
DA:131,0
DA:132,0
DA:133,0
DA:134,0
DA:135,1
DA:136,1
DA:137,1
DA:138,0
DA:139,0
DA:140,0
DA:141,0
DA:142,0
DA:143,0
DA:144,0
DA:145,0
DA:146,0
DA:147,0
DA:148,0
DA:149,0
DA:150,0
DA:151,0
DA:152,0
DA:153,0
DA:154,0
DA:155,1
DA:156,1
DA:157,1
DA:158,0
DA:159,0
DA:160,0
DA:161,0
DA:162,0
DA:163,0
DA:164,0
DA:165,0
DA:166,0
DA:167,0
DA:168,0
DA:169,1
DA:170,1
DA:171,1
DA:172,0
DA:173,0
DA:174,0
DA:175,0
DA:176,0
DA:177,0
DA:178,0
DA:179,0
DA:180,0
DA:181,0
DA:182,0
DA:183,1
DA:184,1
DA:185,1
DA:186,0
DA:187,1
DA:188,1
DA:189,1
DA:190,0
DA:191,0
DA:192,0
DA:193,0
DA:194,0
DA:195,0
DA:196,0
DA:197,0
DA:198,1
DA:199,1
DA:200,1
DA:201,1
DA:202,1
DA:203,1
DA:204,1
DA:205,1
LF:205
LH:95
BRDA:1,0,0,1
BRDA:10,1,0,1
BRDA:14,2,0,5
BRDA:15,3,0,0
BRDA:22,4,0,1
BRDA:26,5,0,0
BRDA:34,6,0,2
BRDA:39,7,0,2
BRDA:45,8,0,2
BRDA:49,9,0,1
BRDA:55,10,0,0
BRDA:62,11,0,0
BRDA:65,12,0,1
BRF:13
BRH:9
end_of_record
